WARNING 2019-06-18 03:42:15,515 base 152 Not Found: /
WARNING 2019-06-18 03:42:15,518 basehttp 124 "GET / HTTP/1.1" 404 2110
WARNING 2019-06-18 03:42:16,641 base 152 Not Found: /favicon.ico
WARNING 2019-06-18 03:42:16,642 basehttp 124 "GET /favicon.ico HTTP/1.1" 404 2161
WARNING 2019-06-18 03:42:32,997 base 152 Not Found: /image_codes/11/
WARNING 2019-06-18 03:42:32,998 basehttp 124 "GET /image_codes/11/ HTTP/1.1" 404 2173
WARNING 2019-06-18 03:47:08,995 base 152 Not Found: /
WARNING 2019-06-18 03:47:08,996 basehttp 124 "GET / HTTP/1.1" 404 2109
WARNING 2019-06-18 03:57:21,235 base 152 Not Found: /
WARNING 2019-06-18 03:57:21,236 basehttp 124 "GET / HTTP/1.1" 404 2109
WARNING 2019-06-18 03:57:43,096 base 152 Not Found: /users/login
WARNING 2019-06-18 03:57:43,097 basehttp 124 "GET /users/login HTTP/1.1" 404 2160
WARNING 2019-06-18 08:57:26,238 base 152 Not Found: /image_code/11/
WARNING 2019-06-18 08:57:26,240 basehttp 124 "GET /image_code/11/ HTTP/1.1" 404 2175
WARNING 2019-06-18 08:57:27,303 base 152 Not Found: /favicon.ico
WARNING 2019-06-18 08:57:27,304 basehttp 124 "GET /favicon.ico HTTP/1.1" 404 2166
ERROR 2019-06-18 08:58:11,783 exceptions 33 [<verifications.views.ImageCodeView object at 0x10d5d90b8>] Error 61 connecting to 127.0.0.1:6379. Connection refused.
ERROR 2019-06-18 08:58:11,874 basehttp 124 "GET /image_codes/11/ HTTP/1.1" 507 5310
INFO 2019-06-18 08:58:12,065 basehttp 124 "GET /static/rest_framework/css/prettify.css HTTP/1.1" 200 817
INFO 2019-06-18 08:58:12,066 basehttp 124 "GET /static/rest_framework/css/bootstrap-tweaks.css HTTP/1.1" 200 3385
INFO 2019-06-18 08:58:12,066 basehttp 124 "GET /static/rest_framework/css/default.css HTTP/1.1" 200 1131
INFO 2019-06-18 08:58:12,069 basehttp 124 "GET /static/rest_framework/js/ajax-form.js HTTP/1.1" 200 3597
INFO 2019-06-18 08:58:12,073 basehttp 124 "GET /static/rest_framework/js/jquery-3.3.1.min.js HTTP/1.1" 200 86927
INFO 2019-06-18 08:58:12,074 basehttp 124 "GET /static/rest_framework/css/bootstrap.min.css HTTP/1.1" 200 121457
INFO 2019-06-18 08:58:12,138 basehttp 124 "GET /static/rest_framework/js/csrf.js HTTP/1.1" 200 1719
INFO 2019-06-18 08:58:12,156 basehttp 124 "GET /static/rest_framework/js/default.js HTTP/1.1" 200 1268
INFO 2019-06-18 08:58:12,158 basehttp 124 "GET /static/rest_framework/js/bootstrap.min.js HTTP/1.1" 200 37608
INFO 2019-06-18 08:58:12,158 basehttp 124 "GET /static/rest_framework/js/prettify-min.js HTTP/1.1" 200 13632
INFO 2019-06-18 08:58:12,159 basehttp 124 "GET /static/rest_framework/img/grid.png HTTP/1.1" 200 1458
ERROR 2019-06-18 09:44:31,948 exceptions 33 [<verifications.views.ImageCodeView object at 0x10d64f1d0>] Error 61 connecting to 127.0.0.1:6379. Connection refused.
ERROR 2019-06-18 09:44:31,976 basehttp 124 "GET /image_codes/11/ HTTP/1.1" 507 5310
INFO 2019-06-18 10:05:22,450 basehttp 124 "GET /image_codes/11/ HTTP/1.1" 200 3625
INFO 2019-06-18 10:05:27,543 basehttp 124 "GET /image_codes/11/ HTTP/1.1" 200 3150
INFO 2019-06-18 12:49:59,593 basehttp 124 "GET /image_codes/11/ HTTP/1.1" 200 3253
WARNING 2019-06-18 15:24:38,056 base 152 Not Found: /
WARNING 2019-06-18 15:24:38,060 basehttp 124 "GET / HTTP/1.1" 404 2109
WARNING 2019-06-18 15:24:50,288 base 152 Not Found: /register.html
WARNING 2019-06-18 15:24:50,289 basehttp 124 "GET /register.html HTTP/1.1" 404 2166
WARNING 2019-06-18 15:27:17,831 base 152 Not Found: /register.html
WARNING 2019-06-18 15:27:17,836 basehttp 124 "GET /register.html HTTP/1.1" 404 2166
WARNING 2019-06-18 15:28:50,573 base 152 Not Found: /register.html
WARNING 2019-06-18 15:28:50,573 basehttp 124 "GET /register.html HTTP/1.1" 404 2166
WARNING 2019-06-18 19:05:38,587 base 152 Not Found: /
WARNING 2019-06-18 19:05:38,591 basehttp 124 "GET / HTTP/1.1" 404 2110
WARNING 2019-06-18 19:05:55,010 base 152 Not Found: /rigister.html
WARNING 2019-06-18 19:05:55,011 basehttp 124 "GET /rigister.html HTTP/1.1" 404 2167
WARNING 2019-06-18 19:08:55,957 base 152 Not Found: /register.html
WARNING 2019-06-18 19:08:55,958 basehttp 124 "GET /register.html HTTP/1.1" 404 2166
WARNING 2019-06-18 19:54:10,467 base 152 Not Found: /
WARNING 2019-06-18 19:54:10,504 basehttp 124 "GET / HTTP/1.1" 404 2109
WARNING 2019-06-18 19:54:24,871 base 152 Not Found: /
WARNING 2019-06-18 19:54:24,875 basehttp 124 "GET / HTTP/1.1" 404 2115
INFO 2019-06-18 19:56:08,621 basehttp 124 "GET /image_codes/535c8c3d-8d7b-49e1-ba15-dafce5994587/ HTTP/1.1" 200 3388
WARNING 2019-06-18 19:57:46,140 base 152 Not Found: /
WARNING 2019-06-18 19:57:46,143 basehttp 124 "GET / HTTP/1.1" 404 2115
INFO 2019-06-18 19:58:17,032 basehttp 124 "GET /image_codes/b878894c-c191-4151-97e3-907c1c08709f/ HTTP/1.1" 200 2987
INFO 2019-06-18 19:58:18,808 basehttp 124 "GET /image_codes/e3a7010e-c542-4344-802b-d6feeb175c8c/ HTTP/1.1" 200 3196
INFO 2019-06-18 19:58:19,434 basehttp 124 "GET /image_codes/cba034fc-a79e-495f-8535-72ad48db6a92/ HTTP/1.1" 200 3059
INFO 2019-06-18 19:58:19,907 basehttp 124 "GET /image_codes/b2636053-36b7-446b-8086-105f65a05abf/ HTTP/1.1" 200 3261
INFO 2019-06-18 19:58:20,175 basehttp 124 "GET /image_codes/798703cf-b422-4c0c-8a48-7bea6bed2cce/ HTTP/1.1" 200 2888
INFO 2019-06-18 19:58:20,362 basehttp 124 "GET /image_codes/62f382ac-a1ab-479f-96c9-6ad40acf463d/ HTTP/1.1" 200 3484
INFO 2019-06-18 19:58:20,535 basehttp 124 "GET /image_codes/b13750a1-8db2-4bcd-9be4-d511bbd2851b/ HTTP/1.1" 200 3378
INFO 2019-06-18 19:58:20,746 basehttp 124 "GET /image_codes/6424ded4-3180-425d-866d-68e6bd4d7e61/ HTTP/1.1" 200 2848
INFO 2019-06-18 19:58:20,942 basehttp 124 "GET /image_codes/2a04892e-222c-4d89-93c2-8569a51cb94f/ HTTP/1.1" 200 2657
INFO 2019-06-20 10:18:05,991 basehttp 124 "GET /image_codes/eaacf8b5-cd23-4beb-99ca-d21da9f07207/ HTTP/1.1" 200 2981
INFO 2019-06-20 10:19:16,268 basehttp 124 "GET /image_codes/8dc7ac14-30eb-4e5d-9a8f-d86f9f2d7c63/ HTTP/1.1" 200 3110
INFO 2019-06-20 10:48:12,770 basehttp 124 "GET /image_codes/68ec8cf3-14eb-4f67-9ac6-a94c125e4c19/ HTTP/1.1" 200 3011
INFO 2019-06-20 10:51:55,297 basehttp 124 "GET /image_codes/8eb01501-6ea0-462a-b8eb-f850cd86e3c0/ HTTP/1.1" 200 3381
WARNING 2019-06-20 10:52:05,143 basehttp 124 "GET /sms_codes/15111111111/?text=scxb&image_code_id=8eb01501-6ea0-462a-b8eb-f850cd86e3c0 HTTP/1.1" 400 46
INFO 2019-06-20 15:08:52,158 basehttp 124 "GET /image_codes/92f844e6-37ac-43d1-9d47-2352d982f835/ HTTP/1.1" 200 3131
ERROR 2019-06-20 15:09:13,314 exception 135 Internal Server Error: /sms_codes/15111111111/
Traceback (most recent call last):
  File "/Users/DZ/leonVEnv/meiduo_mall/lib/python3.6/site-packages/django/core/handlers/exception.py", line 41, in inner
    response = get_response(request)
  File "/Users/DZ/leonVEnv/meiduo_mall/lib/python3.6/site-packages/django/core/handlers/base.py", line 187, in _get_response
    response = self.process_exception_by_middleware(e, request)
  File "/Users/DZ/leonVEnv/meiduo_mall/lib/python3.6/site-packages/django/core/handlers/base.py", line 185, in _get_response
    response = wrapped_callback(request, *callback_args, **callback_kwargs)
  File "/Users/DZ/leonVEnv/meiduo_mall/lib/python3.6/site-packages/django/views/decorators/csrf.py", line 58, in wrapped_view
    return view_func(*args, **kwargs)
  File "/Users/DZ/leonVEnv/meiduo_mall/lib/python3.6/site-packages/django/views/generic/base.py", line 68, in view
    return self.dispatch(request, *args, **kwargs)
  File "/Users/DZ/leonVEnv/meiduo_mall/lib/python3.6/site-packages/rest_framework/views.py", line 495, in dispatch
    response = self.handle_exception(exc)
  File "/Users/DZ/leonVEnv/meiduo_mall/lib/python3.6/site-packages/rest_framework/views.py", line 455, in handle_exception
    self.raise_uncaught_exception(exc)
  File "/Users/DZ/leonVEnv/meiduo_mall/lib/python3.6/site-packages/rest_framework/views.py", line 492, in dispatch
    response = handler(request, *args, **kwargs)
  File "/Users/DZ/Desktop/MEIDUO MALL/meiduo_mall/meiduo_mall/apps/verifications/views.py", line 58, in get
    pl = redis_conn.pipline()
AttributeError: 'StrictRedis' object has no attribute 'pipline'
ERROR 2019-06-20 15:09:13,355 basehttp 124 "GET /sms_codes/15111111111/?text=FUVQ&image_code_id=92f844e6-37ac-43d1-9d47-2352d982f835 HTTP/1.1" 500 16322
WARNING 2019-06-20 15:09:17,462 basehttp 124 "GET /sms_codes/15111111111/?text=FUVQ&image_code_id=92f844e6-37ac-43d1-9d47-2352d982f835 HTTP/1.1" 400 46
INFO 2019-06-20 15:09:17,529 basehttp 124 "GET /image_codes/09c30883-ee68-46b3-b961-56a20529b4b4/ HTTP/1.1" 200 3021
ERROR 2019-06-20 15:09:31,714 exception 135 Internal Server Error: /sms_codes/15111111111/
Traceback (most recent call last):
  File "/Users/DZ/leonVEnv/meiduo_mall/lib/python3.6/site-packages/django/core/handlers/exception.py", line 41, in inner
    response = get_response(request)
  File "/Users/DZ/leonVEnv/meiduo_mall/lib/python3.6/site-packages/django/core/handlers/base.py", line 187, in _get_response
    response = self.process_exception_by_middleware(e, request)
  File "/Users/DZ/leonVEnv/meiduo_mall/lib/python3.6/site-packages/django/core/handlers/base.py", line 185, in _get_response
    response = wrapped_callback(request, *callback_args, **callback_kwargs)
  File "/Users/DZ/leonVEnv/meiduo_mall/lib/python3.6/site-packages/django/views/decorators/csrf.py", line 58, in wrapped_view
    return view_func(*args, **kwargs)
  File "/Users/DZ/leonVEnv/meiduo_mall/lib/python3.6/site-packages/django/views/generic/base.py", line 68, in view
    return self.dispatch(request, *args, **kwargs)
  File "/Users/DZ/leonVEnv/meiduo_mall/lib/python3.6/site-packages/rest_framework/views.py", line 495, in dispatch
    response = self.handle_exception(exc)
  File "/Users/DZ/leonVEnv/meiduo_mall/lib/python3.6/site-packages/rest_framework/views.py", line 455, in handle_exception
    self.raise_uncaught_exception(exc)
  File "/Users/DZ/leonVEnv/meiduo_mall/lib/python3.6/site-packages/rest_framework/views.py", line 492, in dispatch
    response = handler(request, *args, **kwargs)
  File "/Users/DZ/Desktop/MEIDUO MALL/meiduo_mall/meiduo_mall/apps/verifications/views.py", line 58, in get
    pl = redis_conn.pipline()
AttributeError: 'StrictRedis' object has no attribute 'pipline'
ERROR 2019-06-20 15:09:31,732 basehttp 124 "GET /sms_codes/15111111111/?text=EZMH&image_code_id=09c30883-ee68-46b3-b961-56a20529b4b4 HTTP/1.1" 500 16322
WARNING 2019-06-20 15:09:32,744 basehttp 124 "GET /sms_codes/15111111111/?text=EZMH&image_code_id=09c30883-ee68-46b3-b961-56a20529b4b4 HTTP/1.1" 400 46
INFO 2019-06-20 15:09:32,774 basehttp 124 "GET /image_codes/b6c57551-501e-4f40-a66f-4caa261150b4/ HTTP/1.1" 200 3434
ERROR 2019-06-20 15:10:36,052 exception 135 Internal Server Error: /sms_codes/15111111111/
Traceback (most recent call last):
  File "/Users/DZ/leonVEnv/meiduo_mall/lib/python3.6/site-packages/django/core/handlers/exception.py", line 41, in inner
    response = get_response(request)
  File "/Users/DZ/leonVEnv/meiduo_mall/lib/python3.6/site-packages/django/core/handlers/base.py", line 187, in _get_response
    response = self.process_exception_by_middleware(e, request)
  File "/Users/DZ/leonVEnv/meiduo_mall/lib/python3.6/site-packages/django/core/handlers/base.py", line 185, in _get_response
    response = wrapped_callback(request, *callback_args, **callback_kwargs)
  File "/Users/DZ/leonVEnv/meiduo_mall/lib/python3.6/site-packages/django/views/decorators/csrf.py", line 58, in wrapped_view
    return view_func(*args, **kwargs)
  File "/Users/DZ/leonVEnv/meiduo_mall/lib/python3.6/site-packages/django/views/generic/base.py", line 68, in view
    return self.dispatch(request, *args, **kwargs)
  File "/Users/DZ/leonVEnv/meiduo_mall/lib/python3.6/site-packages/rest_framework/views.py", line 495, in dispatch
    response = self.handle_exception(exc)
  File "/Users/DZ/leonVEnv/meiduo_mall/lib/python3.6/site-packages/rest_framework/views.py", line 455, in handle_exception
    self.raise_uncaught_exception(exc)
  File "/Users/DZ/leonVEnv/meiduo_mall/lib/python3.6/site-packages/rest_framework/views.py", line 492, in dispatch
    response = handler(request, *args, **kwargs)
  File "/Users/DZ/Desktop/MEIDUO MALL/meiduo_mall/meiduo_mall/apps/verifications/views.py", line 58, in get
    pl = redis_conn.pipline()
AttributeError: 'StrictRedis' object has no attribute 'pipline'
ERROR 2019-06-20 15:10:36,097 basehttp 124 "GET /sms_codes/15111111111/?text=rfap&image_code_id=b6c57551-501e-4f40-a66f-4caa261150b4 HTTP/1.1" 500 16322
WARNING 2019-06-20 15:10:40,003 basehttp 124 "GET /sms_codes/15111111111/?text=rfap&image_code_id=b6c57551-501e-4f40-a66f-4caa261150b4 HTTP/1.1" 400 46
INFO 2019-06-20 15:10:40,065 basehttp 124 "GET /image_codes/f4ffc2f1-abef-46c7-a9bb-bf2231dd8e87/ HTTP/1.1" 200 3777
ERROR 2019-06-20 15:12:53,902 exception 135 Internal Server Error: /sms_codes/15111111111/
Traceback (most recent call last):
  File "/Users/DZ/leonVEnv/meiduo_mall/lib/python3.6/site-packages/django/core/handlers/exception.py", line 41, in inner
    response = get_response(request)
  File "/Users/DZ/leonVEnv/meiduo_mall/lib/python3.6/site-packages/django/core/handlers/base.py", line 187, in _get_response
    response = self.process_exception_by_middleware(e, request)
  File "/Users/DZ/leonVEnv/meiduo_mall/lib/python3.6/site-packages/django/core/handlers/base.py", line 185, in _get_response
    response = wrapped_callback(request, *callback_args, **callback_kwargs)
  File "/Users/DZ/leonVEnv/meiduo_mall/lib/python3.6/site-packages/django/views/decorators/csrf.py", line 58, in wrapped_view
    return view_func(*args, **kwargs)
  File "/Users/DZ/leonVEnv/meiduo_mall/lib/python3.6/site-packages/django/views/generic/base.py", line 68, in view
    return self.dispatch(request, *args, **kwargs)
  File "/Users/DZ/leonVEnv/meiduo_mall/lib/python3.6/site-packages/rest_framework/views.py", line 495, in dispatch
    response = self.handle_exception(exc)
  File "/Users/DZ/leonVEnv/meiduo_mall/lib/python3.6/site-packages/rest_framework/views.py", line 455, in handle_exception
    self.raise_uncaught_exception(exc)
  File "/Users/DZ/leonVEnv/meiduo_mall/lib/python3.6/site-packages/rest_framework/views.py", line 492, in dispatch
    response = handler(request, *args, **kwargs)
  File "/Users/DZ/Desktop/MEIDUO MALL/meiduo_mall/meiduo_mall/apps/verifications/views.py", line 58, in get
    pl = redis_conn.pipline()
AttributeError: 'StrictRedis' object has no attribute 'pipline'
ERROR 2019-06-20 15:12:53,953 basehttp 124 "GET /sms_codes/15111111111/?text=mukg&image_code_id=f4ffc2f1-abef-46c7-a9bb-bf2231dd8e87 HTTP/1.1" 500 16322
INFO 2019-06-20 15:17:55,925 basehttp 124 "GET /image_codes/88e6a75e-5a7f-42c7-81bd-d8e7fb1085e6/ HTTP/1.1" 200 3264
WARNING 2019-06-20 15:18:10,966 views 81 发送验证码短信[失败][ mobile: 15111111111 ]
ERROR 2019-06-20 15:18:10,967 basehttp 124 "GET /sms_codes/15111111111/?text=vase&image_code_id=88e6a75e-5a7f-42c7-81bd-d8e7fb1085e6 HTTP/1.1" 500 20
WARNING 2019-06-20 15:18:13,857 basehttp 124 "GET /sms_codes/15111111111/?text=vase&image_code_id=88e6a75e-5a7f-42c7-81bd-d8e7fb1085e6 HTTP/1.1" 400 46
INFO 2019-06-20 15:18:13,892 basehttp 124 "GET /image_codes/06bbe231-1cae-4208-b196-fe3a41e90ea1/ HTTP/1.1" 200 3056
WARNING 2019-06-20 15:18:22,016 basehttp 124 "GET /sms_codes/15111111111/?text=vgxc&image_code_id=06bbe231-1cae-4208-b196-fe3a41e90ea1 HTTP/1.1" 400 49
INFO 2019-06-20 15:18:22,048 basehttp 124 "GET /image_codes/40c15481-8dc4-4668-a4a9-1ee32001b6e4/ HTTP/1.1" 200 2975
WARNING 2019-06-20 15:19:31,166 views 81 发送验证码短信[失败][ mobile: 15111411041 ]
ERROR 2019-06-20 15:19:31,169 basehttp 124 "GET /sms_codes/15111411041/?text=cxpv&image_code_id=40c15481-8dc4-4668-a4a9-1ee32001b6e4 HTTP/1.1" 500 20
WARNING 2019-06-20 15:24:23,584 basehttp 124 "GET /sms_codes/15111411041/?text=cxpv&image_code_id=40c15481-8dc4-4668-a4a9-1ee32001b6e4 HTTP/1.1" 400 46
INFO 2019-06-20 15:24:23,630 basehttp 124 "GET /image_codes/3c5f15a9-1071-4625-a7ac-536be025eeb1/ HTTP/1.1" 200 3196
WARNING 2019-06-20 15:24:32,855 views 81 发送验证码短信[失败][ mobile: 15111411041 ]
ERROR 2019-06-20 15:24:32,858 basehttp 124 "GET /sms_codes/15111411041/?text=6rus&image_code_id=3c5f15a9-1071-4625-a7ac-536be025eeb1 HTTP/1.1" 500 20
WARNING 2019-06-20 15:24:33,996 basehttp 124 "GET /sms_codes/15111411041/?text=6rus&image_code_id=3c5f15a9-1071-4625-a7ac-536be025eeb1 HTTP/1.1" 400 46
INFO 2019-06-20 15:24:34,027 basehttp 124 "GET /image_codes/f030f05e-5c17-4acc-91cd-3e5ff075cfc7/ HTTP/1.1" 200 3163
INFO 2019-06-20 15:25:25,419 basehttp 124 "GET /image_codes/38052c7b-e610-43ef-ad9b-c2c1810b9e28/ HTTP/1.1" 200 3090
INFO 2019-06-20 15:29:45,835 basehttp 124 "GET /image_codes/f51a4e90-0509-4a94-87d0-64740ade7250/ HTTP/1.1" 200 3158
INFO 2019-06-20 15:29:56,502 basehttp 124 "GET /image_codes/febe3f6f-0f22-4f41-8832-2e226b18eb91/ HTTP/1.1" 200 3438
WARNING 2019-06-20 15:30:04,131 views 81 发送验证码短信[失败][ mobile: 15111411041 ]
ERROR 2019-06-20 15:30:04,133 basehttp 124 "GET /sms_codes/15111411041/?text=cyu6&image_code_id=febe3f6f-0f22-4f41-8832-2e226b18eb91 HTTP/1.1" 500 20
